<?xml version="1.0" encoding="UTF-8"?>
<testng-results skipped="0" failed="0" total="2" passed="2">
  <reporter-output>
  </reporter-output>
  <suite name="Default suite" duration-ms="25790" started-at="2022-03-17T12:59:14Z" finished-at="2022-03-17T12:59:40Z">
    <groups>
    </groups>
    <test name="Default test" duration-ms="25790" started-at="2022-03-17T12:59:14Z" finished-at="2022-03-17T12:59:40Z">
      <class name="org.testngclasses.GmailDataProvider">
        <test-method status="PASS" signature="accessWebPage()[pri:0, instance:org.testngclasses.GmailDataProvider@4cf777e8]" name="accessWebPage" is-config="true" duration-ms="19384" started-at="2022-03-17T18:29:14Z" finished-at="2022-03-17T18:29:34Z">
          <reporter-output>
          </reporter-output>
        </test-method> <!-- accessWebPage -->
        <test-method status="PASS" signature="startTime()[pri:0, instance:org.testngclasses.GmailDataProvider@4cf777e8]" name="startTime" is-config="true" duration-ms="1" started-at="2022-03-17T18:29:34Z" finished-at="2022-03-17T18:29:34Z">
          <reporter-output>
          </reporter-output>
        </test-method> <!-- startTime -->
        <test-method status="PASS" signature="test(java.lang.Object, java.lang.Object)[pri:0, instance:org.testngclasses.GmailDataProvider@4cf777e8]" name="test" duration-ms="3696" started-at="2022-03-17T18:29:34Z" data-provider="Authentication" finished-at="2022-03-17T18:29:37Z">
          <params>
            <param index="0">
              <value>
                <![CDATA[anitha@gmail.com]]>
              </value>
            </param>
            <param index="1">
              <value>
                <![CDATA[532876383]]>
              </value>
            </param>
          </params>
          <reporter-output>
          </reporter-output>
        </test-method> <!-- test -->
        <test-method status="PASS" signature="endTime()[pri:0, instance:org.testngclasses.GmailDataProvider@4cf777e8]" name="endTime" is-config="true" duration-ms="1" started-at="2022-03-17T18:29:37Z" finished-at="2022-03-17T18:29:37Z">
          <reporter-output>
          </reporter-output>
        </test-method> <!-- endTime -->
        <test-method status="PASS" signature="test(java.lang.Object, java.lang.Object)[pri:0, instance:org.testngclasses.GmailDataProvider@4cf777e8]" name="test" duration-ms="1919" started-at="2022-03-17T18:29:37Z" data-provider="Authentication" finished-at="2022-03-17T18:29:39Z">
          <params>
            <param index="0">
              <value>
                <![CDATA[maria@gmail.com]]>
              </value>
            </param>
            <param index="1">
              <value>
                <![CDATA[hfg863876]]>
              </value>
            </param>
          </params>
          <reporter-output>
          </reporter-output>
        </test-method> <!-- test -->
        <test-method status="PASS" signature="startTime()[pri:0, instance:org.testngclasses.GmailDataProvider@4cf777e8]" name="startTime" is-config="true" duration-ms="0" started-at="2022-03-17T18:29:37Z" finished-at="2022-03-17T18:29:37Z">
          <reporter-output>
          </reporter-output>
        </test-method> <!-- startTime -->
        <test-method status="PASS" signature="close()[pri:0, instance:org.testngclasses.GmailDataProvider@4cf777e8]" name="close" is-config="true" duration-ms="770" started-at="2022-03-17T18:29:39Z" finished-at="2022-03-17T18:29:40Z">
          <reporter-output>
          </reporter-output>
        </test-method> <!-- close -->
        <test-method status="PASS" signature="endTime()[pri:0, instance:org.testngclasses.GmailDataProvider@4cf777e8]" name="endTime" is-config="true" duration-ms="0" started-at="2022-03-17T18:29:39Z" finished-at="2022-03-17T18:29:39Z">
          <reporter-output>
          </reporter-output>
        </test-method> <!-- endTime -->
      </class> <!-- org.testngclasses.GmailDataProvider -->
    </test> <!-- Default test -->
  </suite> <!-- Default suite -->
</testng-results>
